<?xml version="1.0" encoding="UTF-8"?>
<!-- Generated by org.testng.reporters.JUnitReportReporter -->
<testsuite hostname="DESKTOP-1FTEEH8" failures="0" tests="1" name="GET_request_PrintAllHeaders" time="5.316" errors="0" timestamp="2023-03-22T23:01:42 IST" skipped="0">
  <testcase classname="GET_request_PrintAllHeaders" name="getallheaders" time="5.316"/>
  <system-out/>
</testsuite> <!-- GET_request_PrintAllHeaders -->
