<?xml version="1.0" encoding="UTF-8"?>
<!-- Generated by org.testng.reporters.JUnitReportReporter -->
<testsuite hostname="DESKTOP-1FTEEH8" failures="0" tests="1" name="TC001_GET_Request" time="6.892" errors="0" timestamp="2023-03-24T22:44:11 IST" skipped="0">
  <testcase classname="TC001_GET_Request" name="getEmployeeData" time="6.892"/>
  <system-out/>
</testsuite> <!-- TC001_GET_Request -->
