<?xml version="1.0" encoding="UTF-8"?>
<!-- Generated by org.testng.reporters.JUnitReportReporter -->
<testsuite hostname="DESKTOP-1FTEEH8" failures="0" tests="1" name="TC003_GET_Request" time="5.406" errors="0" timestamp="2023-03-22T01:07:38 IST" skipped="0">
  <testcase classname="TC003_GET_Request" name="googleMapTest" time="5.406"/>
  <system-out/>
</testsuite> <!-- TC003_GET_Request -->
