<?xml version="1.0" encoding="UTF-8"?>
<!-- Generated by org.testng.reporters.JUnitReportReporter -->
<testsuite hostname="DESKTOP-1FTEEH8" failures="0" tests="1" name="TC006_GET_ExtractValueOfEachNodeInJson" time="8.454" errors="0" timestamp="2023-03-23T13:23:20 IST" skipped="0">
  <testcase classname="TC006_GET_ExtractValueOfEachNodeInJson" name="ValueofEachNodeInJSON" time="8.454"/>
  <system-out/>
</testsuite> <!-- TC006_GET_ExtractValueOfEachNodeInJson -->
