<?xml version="1.0" encoding="UTF-8"?>
<!-- Generated by org.testng.reporters.JUnitReportReporter -->
<testsuite hostname="DESKTOP-1FTEEH8" failures="0" tests="1" name="TC_002_POST_Request" time="8.116" errors="0" timestamp="2023-03-21T23:54:58 IST" skipped="0">
  <testcase classname="TC_002_POST_Request" name="CreateNEWRecord" time="8.116"/>
  <system-out/>
</testsuite> <!-- TC_002_POST_Request -->
