<?xml version="1.0" encoding="UTF-8"?>
<!-- Generated by org.testng.reporters.JUnitReportReporter -->
<testsuite hostname="DESKTOP-1FTEEH8" failures="0" tests="1" name="TC002_POST_Request" time="7.896" errors="0" timestamp="2023-03-23T12:44:51 IST" skipped="0">
  <testcase classname="TC002_POST_Request" name="CreateNEWRecord" time="7.896"/>
  <system-out/>
</testsuite> <!-- TC002_POST_Request -->
