<?xml version="1.0" encoding="UTF-8"?>
<!-- Generated by org.testng.reporters.JUnitReportReporter -->
<testsuite hostname="DESKTOP-1FTEEH8" failures="0" tests="1" name="TC007_GET_Request_Authorization" time="7.371" errors="0" timestamp="2023-03-23T14:15:29 IST" skipped="0">
  <testcase classname="TC007_GET_Request_Authorization" name="authorization" time="7.371"/>
  <system-out/>
</testsuite> <!-- TC007_GET_Request_Authorization -->
