<?xml version="1.0" encoding="UTF-8"?>
<!-- Generated by org.testng.reporters.JUnitReportReporter -->
<testsuite hostname="DESKTOP-1FTEEH8" failures="0" tests="1" name="TC005_GET_ValidatingJSONResponse" time="7.153" errors="0" timestamp="2023-03-23T00:01:07 IST" skipped="0">
  <testcase classname="TC005_GET_ValidatingJSONResponse" name="ValidateReponseBody" time="7.153"/>
  <system-out/>
</testsuite> <!-- TC005_GET_ValidatingJSONResponse -->
